{"C:\\Users\\danil\\laboratoria\\DEV013-fleet-management-api\\functions-without-context.ts": {"path":"C:\\Users\\danil\\laboratoria\\DEV013-fleet-management-api\\functions-without-context.ts","statementMap":{"0":{"start":{"line":1,"column":0},"end":{"line":1,"column":29}},"1":{"start":{"line":24,"column":2},"end":{"line":28,"column":3}},"2":{"start":{"line":25,"column":4},"end":{"line":25,"column":null}},"3":{"start":{"line":27,"column":4},"end":{"line":27,"column":null}},"4":{"start":{"line":23,"column":0},"end":{"line":23,"column":22}},"5":{"start":{"line":40,"column":2},"end":{"line":40,"column":null}},"6":{"start":{"line":36,"column":0},"end":{"line":36,"column":22}},"7":{"start":{"line":50,"column":2},"end":{"line":53,"column":null}},"8":{"start":{"line":49,"column":0},"end":{"line":49,"column":22}}},"fnMap":{"0":{"name":"getTaxis","decl":{"start":{"line":23,"column":22},"end":{"line":23,"column":30}},"loc":{"start":{"line":23,"column":44},"end":{"line":29,"column":null}}},"1":{"name":"createTaxi","decl":{"start":{"line":36,"column":22},"end":{"line":36,"column":32}},"loc":{"start":{"line":36,"column":49},"end":{"line":42,"column":null}}},"2":{"name":"updateTaxi","decl":{"start":{"line":49,"column":22},"end":{"line":49,"column":32}},"loc":{"start":{"line":49,"column":49},"end":{"line":54,"column":null}}}},"branchMap":{"0":{"loc":{"start":{"line":24,"column":2},"end":{"line":28,"column":3}},"type":"if","locations":[{"start":{"line":24,"column":2},"end":{"line":28,"column":3}},{"start":{"line":26,"column":9},"end":{"line":28,"column":3}}]}},"s":{"0":1,"1":3,"2":3,"3":0,"4":1,"5":2,"6":1,"7":1,"8":1},"f":{"0":3,"1":2,"2":1},"b":{"0":[3,0]}}
,"C:\\Users\\danil\\laboratoria\\DEV013-fleet-management-api\\src\\index.ts": {"path":"C:\\Users\\danil\\laboratoria\\DEV013-fleet-management-api\\src\\index.ts","statementMap":{"0":{"start":{"line":1,"column":0},"end":{"line":1,"column":47}},"1":{"start":{"line":2,"column":0},"end":{"line":2,"column":42}},"2":{"start":{"line":3,"column":0},"end":{"line":3,"column":62}},"3":{"start":{"line":4,"column":0},"end":{"line":4,"column":38}},"4":{"start":{"line":20,"column":25},"end":{"line":20,"column":34}},"5":{"start":{"line":21,"column":21},"end":{"line":21,"column":25}},"6":{"start":{"line":25,"column":0},"end":{"line":25,"column":24}},"7":{"start":{"line":28,"column":0},"end":{"line":28,"column":36}},"8":{"start":{"line":34,"column":0},"end":{"line":34,"column":null}},"9":{"start":{"line":37,"column":0},"end":{"line":41,"column":1}},"10":{"start":{"line":38,"column":2},"end":{"line":40,"column":5}},"11":{"start":{"line":39,"column":4},"end":{"line":39,"column":47}},"12":{"start":{"line":44,"column":0},"end":{"line":44,"column":19}}},"fnMap":{"0":{"name":"(anonymous_1)","decl":{"start":{"line":38,"column":19},"end":{"line":38,"column":22}},"loc":{"start":{"line":38,"column":24},"end":{"line":40,"column":3}}}},"branchMap":{"0":{"loc":{"start":{"line":37,"column":0},"end":{"line":41,"column":1}},"type":"if","locations":[{"start":{"line":37,"column":0},"end":{"line":41,"column":1}}]}},"s":{"0":2,"1":2,"2":2,"3":2,"4":2,"5":2,"6":2,"7":2,"8":2,"9":2,"10":2,"11":1,"12":2},"f":{"0":1},"b":{"0":[2]}}
,"C:\\Users\\danil\\laboratoria\\DEV013-fleet-management-api\\src\\swagger.ts": {"path":"C:\\Users\\danil\\laboratoria\\DEV013-fleet-management-api\\src\\swagger.ts","statementMap":{"0":{"start":{"line":56,"column":0},"end":{"line":56,"column":30}},"1":{"start":{"line":57,"column":0},"end":{"line":57,"column":43}},"2":{"start":{"line":58,"column":0},"end":{"line":58,"column":41}},"3":{"start":{"line":60,"column":22},"end":{"line":60,"column":38}},"4":{"start":{"line":61,"column":16},"end":{"line":186,"column":2}},"5":{"start":{"line":188,"column":20},"end":{"line":188,"column":41}},"6":{"start":{"line":189,"column":0},"end":{"line":189,"column":48}},"7":{"start":{"line":190,"column":0},"end":{"line":190,"column":61}},"8":{"start":{"line":192,"column":0},"end":{"line":192,"column":29}}},"fnMap":{},"branchMap":{},"s":{"0":2,"1":2,"2":2,"3":2,"4":2,"5":2,"6":2,"7":2,"8":2},"f":{},"b":{}}
,"C:\\Users\\danil\\laboratoria\\DEV013-fleet-management-api\\src\\controller\\taxi.controller.ts": {"path":"C:\\Users\\danil\\laboratoria\\DEV013-fleet-management-api\\src\\controller\\taxi.controller.ts","statementMap":{"0":{"start":{"line":1,"column":0},"end":{"line":1,"column":45}},"1":{"start":{"line":5,"column":15},"end":{"line":5,"column":39}},"2":{"start":{"line":7,"column":27},"end":{"line":19,"column":2}},"3":{"start":{"line":7,"column":66},"end":{"line":19,"column":2}},"4":{"start":{"line":8,"column":2},"end":{"line":18,"column":3}},"5":{"start":{"line":9,"column":26},"end":{"line":9,"column":63}},"6":{"start":{"line":10,"column":26},"end":{"line":10,"column":64}},"7":{"start":{"line":11,"column":25},"end":{"line":14,"column":6}},"8":{"start":{"line":15,"column":4},"end":{"line":15,"column":40}},"9":{"start":{"line":17,"column":4},"end":{"line":17,"column":null}},"10":{"start":{"line":7,"column":13},"end":{"line":7,"column":27}},"11":{"start":{"line":21,"column":26},"end":{"line":42,"column":null}},"12":{"start":{"line":21,"column":65},"end":{"line":42,"column":null}},"13":{"start":{"line":22,"column":2},"end":{"line":41,"column":3}},"14":{"start":{"line":23,"column":19},"end":{"line":23,"column":32}},"15":{"start":{"line":24,"column":21},"end":{"line":24,"column":37}},"16":{"start":{"line":26,"column":25},"end":{"line":30,"column":6}},"17":{"start":{"line":31,"column":4},"end":{"line":31,"column":28}},"18":{"start":{"line":40,"column":4},"end":{"line":40,"column":null}},"19":{"start":{"line":21,"column":13},"end":{"line":21,"column":26}},"20":{"start":{"line":44,"column":27},"end":{"line":55,"column":null}},"21":{"start":{"line":44,"column":66},"end":{"line":55,"column":null}},"22":{"start":{"line":45,"column":2},"end":{"line":54,"column":3}},"23":{"start":{"line":46,"column":24},"end":{"line":46,"column":32}},"24":{"start":{"line":47,"column":4},"end":{"line":49,"column":5}},"25":{"start":{"line":48,"column":6},"end":{"line":48,"column":62}},"26":{"start":{"line":50,"column":19},"end":{"line":50,"column":70}},"27":{"start":{"line":51,"column":4},"end":{"line":51,"column":34}},"28":{"start":{"line":53,"column":4},"end":{"line":53,"column":null}},"29":{"start":{"line":44,"column":13},"end":{"line":44,"column":27}},"30":{"start":{"line":57,"column":27},"end":{"line":75,"column":2}},"31":{"start":{"line":57,"column":66},"end":{"line":75,"column":2}},"32":{"start":{"line":58,"column":2},"end":{"line":74,"column":3}},"33":{"start":{"line":59,"column":19},"end":{"line":59,"column":32}},"34":{"start":{"line":60,"column":21},"end":{"line":60,"column":37}},"35":{"start":{"line":61,"column":17},"end":{"line":61,"column":25}},"36":{"start":{"line":65,"column":19},"end":{"line":70,"column":6}},"37":{"start":{"line":71,"column":4},"end":{"line":71,"column":34}},"38":{"start":{"line":73,"column":4},"end":{"line":73,"column":null}},"39":{"start":{"line":57,"column":13},"end":{"line":57,"column":27}},"40":{"start":{"line":77,"column":27},"end":{"line":101,"column":null}},"41":{"start":{"line":77,"column":66},"end":{"line":101,"column":null}},"42":{"start":{"line":78,"column":2},"end":{"line":100,"column":3}},"43":{"start":{"line":79,"column":24},"end":{"line":79,"column":37}},"44":{"start":{"line":80,"column":30},"end":{"line":80,"column":42}},"45":{"start":{"line":92,"column":22},"end":{"line":96,"column":6}},"46":{"start":{"line":97,"column":4},"end":{"line":97,"column":37}},"47":{"start":{"line":99,"column":4},"end":{"line":99,"column":null}},"48":{"start":{"line":77,"column":13},"end":{"line":77,"column":27}}},"fnMap":{"0":{"name":"(anonymous_7)","decl":{"start":{"line":7,"column":27},"end":{"line":7,"column":34}},"loc":{"start":{"line":7,"column":66},"end":{"line":19,"column":2}}},"1":{"name":"(anonymous_8)","decl":{"start":{"line":7,"column":66},"end":{"line":7,"column":null}},"loc":{"start":{"line":7,"column":66},"end":{"line":19,"column":1}}},"2":{"name":"(anonymous_9)","decl":{"start":{"line":21,"column":26},"end":{"line":21,"column":33}},"loc":{"start":{"line":21,"column":65},"end":{"line":42,"column":null}}},"3":{"name":"(anonymous_10)","decl":{"start":{"line":21,"column":65},"end":{"line":21,"column":null}},"loc":{"start":{"line":21,"column":65},"end":{"line":42,"column":1}}},"4":{"name":"(anonymous_11)","decl":{"start":{"line":44,"column":27},"end":{"line":44,"column":34}},"loc":{"start":{"line":44,"column":66},"end":{"line":55,"column":null}}},"5":{"name":"(anonymous_12)","decl":{"start":{"line":44,"column":66},"end":{"line":44,"column":null}},"loc":{"start":{"line":44,"column":66},"end":{"line":55,"column":1}}},"6":{"name":"(anonymous_13)","decl":{"start":{"line":57,"column":27},"end":{"line":57,"column":34}},"loc":{"start":{"line":57,"column":66},"end":{"line":75,"column":2}}},"7":{"name":"(anonymous_14)","decl":{"start":{"line":57,"column":66},"end":{"line":57,"column":null}},"loc":{"start":{"line":57,"column":66},"end":{"line":75,"column":1}}},"8":{"name":"(anonymous_15)","decl":{"start":{"line":77,"column":27},"end":{"line":77,"column":34}},"loc":{"start":{"line":77,"column":66},"end":{"line":101,"column":null}}},"9":{"name":"(anonymous_16)","decl":{"start":{"line":77,"column":66},"end":{"line":77,"column":null}},"loc":{"start":{"line":77,"column":66},"end":{"line":101,"column":1}}}},"branchMap":{"0":{"loc":{"start":{"line":9,"column":26},"end":{"line":9,"column":63}},"type":"cond-expr","locations":[{"start":{"line":9,"column":60},"end":{"line":9,"column":62}},{"start":{"line":9,"column":62},"end":{"line":9,"column":63}}]},"1":{"loc":{"start":{"line":9,"column":26},"end":{"line":9,"column":62}},"type":"binary-expr","locations":[{"start":{"line":9,"column":26},"end":{"line":9,"column":62}},{"start":{"line":9,"column":60},"end":{"line":9,"column":62}}]},"2":{"loc":{"start":{"line":10,"column":26},"end":{"line":10,"column":64}},"type":"cond-expr","locations":[{"start":{"line":10,"column":60},"end":{"line":10,"column":62}},{"start":{"line":10,"column":62},"end":{"line":10,"column":64}}]},"3":{"loc":{"start":{"line":10,"column":26},"end":{"line":10,"column":62}},"type":"binary-expr","locations":[{"start":{"line":10,"column":26},"end":{"line":10,"column":62}},{"start":{"line":10,"column":60},"end":{"line":10,"column":62}}]},"4":{"loc":{"start":{"line":47,"column":4},"end":{"line":49,"column":5}},"type":"if","locations":[{"start":{"line":47,"column":4},"end":{"line":49,"column":5}}]},"5":{"loc":{"start":{"line":47,"column":8},"end":{"line":47,"column":21}},"type":"binary-expr","locations":[{"start":{"line":47,"column":8},"end":{"line":47,"column":11}},{"start":{"line":47,"column":15},"end":{"line":47,"column":21}}]}},"s":{"0":3,"1":3,"2":3,"3":5,"4":5,"5":5,"6":5,"7":5,"8":3,"9":2,"10":3,"11":3,"12":3,"13":3,"14":3,"15":3,"16":3,"17":2,"18":1,"19":3,"20":3,"21":4,"22":4,"23":4,"24":4,"25":1,"26":3,"27":2,"28":1,"29":3,"30":3,"31":3,"32":3,"33":3,"34":3,"35":3,"36":3,"37":2,"38":1,"39":3,"40":3,"41":3,"42":3,"43":3,"44":3,"45":3,"46":2,"47":1,"48":3},"f":{"0":5,"1":5,"2":3,"3":3,"4":4,"5":4,"6":3,"7":3,"8":3,"9":3},"b":{"0":[5,0],"1":[5,5],"2":[5,0],"3":[5,5],"4":[1],"5":[4,1]}}
,"C:\\Users\\danil\\laboratoria\\DEV013-fleet-management-api\\src\\controller\\trajectories.controller.ts": {"path":"C:\\Users\\danil\\laboratoria\\DEV013-fleet-management-api\\src\\controller\\trajectories.controller.ts","statementMap":{"0":{"start":{"line":1,"column":0},"end":{"line":1,"column":45}},"1":{"start":{"line":3,"column":0},"end":{"line":3,"column":113}},"2":{"start":{"line":5,"column":15},"end":{"line":5,"column":46}},"3":{"start":{"line":6,"column":14},"end":{"line":6,"column":32}},"4":{"start":{"line":24,"column":15},"end":{"line":33,"column":2}},"5":{"start":{"line":24,"column":54},"end":{"line":33,"column":2}},"6":{"start":{"line":25,"column":2},"end":{"line":32,"column":3}},"7":{"start":{"line":26,"column":26},"end":{"line":26,"column":63}},"8":{"start":{"line":27,"column":26},"end":{"line":27,"column":64}},"9":{"start":{"line":28,"column":25},"end":{"line":28,"column":61}},"10":{"start":{"line":29,"column":4},"end":{"line":29,"column":35}},"11":{"start":{"line":31,"column":4},"end":{"line":31,"column":null}},"12":{"start":{"line":354,"column":8},"end":{"line":354,"column":14}},"13":{"start":{"line":70,"column":24},"end":{"line":88,"column":2}},"14":{"start":{"line":70,"column":62},"end":{"line":88,"column":2}},"15":{"start":{"line":71,"column":2},"end":{"line":87,"column":3}},"16":{"start":{"line":72,"column":26},"end":{"line":72,"column":63}},"17":{"start":{"line":73,"column":26},"end":{"line":73,"column":64}},"18":{"start":{"line":75,"column":20},"end":{"line":75,"column":47}},"19":{"start":{"line":76,"column":17},"end":{"line":76,"column":41}},"20":{"start":{"line":77,"column":20},"end":{"line":77,"column":41}},"21":{"start":{"line":78,"column":22},"end":{"line":78,"column":43}},"22":{"start":{"line":79,"column":4},"end":{"line":79,"column":43}},"23":{"start":{"line":80,"column":4},"end":{"line":82,"column":5}},"24":{"start":{"line":81,"column":6},"end":{"line":81,"column":null}},"25":{"start":{"line":83,"column":25},"end":{"line":83,"column":92}},"26":{"start":{"line":84,"column":4},"end":{"line":84,"column":47}},"27":{"start":{"line":86,"column":4},"end":{"line":86,"column":null}},"28":{"start":{"line":354,"column":61},"end":{"line":354,"column":76}},"29":{"start":{"line":90,"column":20},"end":{"line":119,"column":2}},"30":{"start":{"line":90,"column":59},"end":{"line":119,"column":2}},"31":{"start":{"line":91,"column":2},"end":{"line":118,"column":3}},"32":{"start":{"line":92,"column":26},"end":{"line":92,"column":63}},"33":{"start":{"line":93,"column":26},"end":{"line":93,"column":64}},"34":{"start":{"line":95,"column":4},"end":{"line":97,"column":5}},"35":{"start":{"line":96,"column":6},"end":{"line":96,"column":null}},"36":{"start":{"line":98,"column":25},"end":{"line":114,"column":null}},"37":{"start":{"line":115,"column":4},"end":{"line":115,"column":40}},"38":{"start":{"line":117,"column":4},"end":{"line":117,"column":null}},"39":{"start":{"line":354,"column":78},"end":{"line":354,"column":89}},"40":{"start":{"line":121,"column":27},"end":{"line":142,"column":2}},"41":{"start":{"line":121,"column":66},"end":{"line":142,"column":2}},"42":{"start":{"line":127,"column":2},"end":{"line":141,"column":3}},"43":{"start":{"line":128,"column":50},"end":{"line":128,"column":58}},"44":{"start":{"line":129,"column":20},"end":{"line":129,"column":34}},"45":{"start":{"line":130,"column":19},"end":{"line":137,"column":6}},"46":{"start":{"line":138,"column":4},"end":{"line":138,"column":34}},"47":{"start":{"line":140,"column":4},"end":{"line":140,"column":null}},"48":{"start":{"line":354,"column":25},"end":{"line":354,"column":43}},"49":{"start":{"line":166,"column":27},"end":{"line":179,"column":null}},"50":{"start":{"line":166,"column":66},"end":{"line":179,"column":null}},"51":{"start":{"line":167,"column":2},"end":{"line":178,"column":3}},"52":{"start":{"line":168,"column":23},"end":{"line":168,"column":36}},"53":{"start":{"line":169,"column":31},"end":{"line":173,"column":6}},"54":{"start":{"line":174,"column":4},"end":{"line":174,"column":null}},"55":{"start":{"line":177,"column":4},"end":{"line":177,"column":null}},"56":{"start":{"line":354,"column":91},"end":{"line":354,"column":109}},"57":{"start":{"line":181,"column":16},"end":{"line":213,"column":2}},"58":{"start":{"line":181,"column":55},"end":{"line":213,"column":2}},"59":{"start":{"line":182,"column":2},"end":{"line":212,"column":3}},"60":{"start":{"line":183,"column":26},"end":{"line":183,"column":63}},"61":{"start":{"line":184,"column":26},"end":{"line":184,"column":64}},"62":{"start":{"line":185,"column":30},"end":{"line":185,"column":38}},"63":{"start":{"line":187,"column":25},"end":{"line":201,"column":6}},"64":{"start":{"line":202,"column":4},"end":{"line":202,"column":42}},"65":{"start":{"line":211,"column":4},"end":{"line":211,"column":null}},"66":{"start":{"line":354,"column":16},"end":{"line":354,"column":23}},"67":{"start":{"line":215,"column":16},"end":{"line":244,"column":2}},"68":{"start":{"line":215,"column":55},"end":{"line":244,"column":2}},"69":{"start":{"line":216,"column":2},"end":{"line":243,"column":3}},"70":{"start":{"line":217,"column":26},"end":{"line":217,"column":63}},"71":{"start":{"line":218,"column":26},"end":{"line":218,"column":64}},"72":{"start":{"line":219,"column":21},"end":{"line":219,"column":31}},"73":{"start":{"line":220,"column":20},"end":{"line":220,"column":34}},"74":{"start":{"line":221,"column":22},"end":{"line":221,"column":36}},"75":{"start":{"line":222,"column":4},"end":{"line":222,"column":41}},"76":{"start":{"line":224,"column":25},"end":{"line":239,"column":6}},"77":{"start":{"line":240,"column":4},"end":{"line":240,"column":42}},"78":{"start":{"line":242,"column":4},"end":{"line":242,"column":null}},"79":{"start":{"line":354,"column":52},"end":{"line":354,"column":59}},"80":{"start":{"line":246,"column":14},"end":{"line":294,"column":2}},"81":{"start":{"line":246,"column":53},"end":{"line":294,"column":2}},"82":{"start":{"line":247,"column":2},"end":{"line":293,"column":3}},"83":{"start":{"line":248,"column":26},"end":{"line":248,"column":63}},"84":{"start":{"line":249,"column":26},"end":{"line":249,"column":64}},"85":{"start":{"line":276,"column":24},"end":{"line":276,"column":34}},"86":{"start":{"line":277,"column":25},"end":{"line":289,"column":6}},"87":{"start":{"line":290,"column":4},"end":{"line":290,"column":30}},"88":{"start":{"line":292,"column":4},"end":{"line":292,"column":53}},"89":{"start":{"line":354,"column":45},"end":{"line":354,"column":50}}},"fnMap":{"0":{"name":"(anonymous_7)","decl":{"start":{"line":24,"column":15},"end":{"line":24,"column":22}},"loc":{"start":{"line":24,"column":54},"end":{"line":33,"column":2}}},"1":{"name":"(anonymous_8)","decl":{"start":{"line":24,"column":54},"end":{"line":24,"column":null}},"loc":{"start":{"line":24,"column":54},"end":{"line":33,"column":1}}},"2":{"name":"(anonymous_9)","decl":{"start":{"line":70,"column":24},"end":{"line":70,"column":30}},"loc":{"start":{"line":70,"column":62},"end":{"line":88,"column":2}}},"3":{"name":"(anonymous_10)","decl":{"start":{"line":70,"column":62},"end":{"line":70,"column":null}},"loc":{"start":{"line":70,"column":62},"end":{"line":88,"column":1}}},"4":{"name":"(anonymous_11)","decl":{"start":{"line":90,"column":20},"end":{"line":90,"column":27}},"loc":{"start":{"line":90,"column":59},"end":{"line":119,"column":2}}},"5":{"name":"(anonymous_12)","decl":{"start":{"line":90,"column":59},"end":{"line":90,"column":null}},"loc":{"start":{"line":90,"column":59},"end":{"line":119,"column":1}}},"6":{"name":"(anonymous_13)","decl":{"start":{"line":121,"column":27},"end":{"line":121,"column":34}},"loc":{"start":{"line":121,"column":66},"end":{"line":142,"column":2}}},"7":{"name":"(anonymous_14)","decl":{"start":{"line":121,"column":66},"end":{"line":121,"column":null}},"loc":{"start":{"line":121,"column":66},"end":{"line":142,"column":1}}},"8":{"name":"(anonymous_15)","decl":{"start":{"line":166,"column":27},"end":{"line":166,"column":34}},"loc":{"start":{"line":166,"column":66},"end":{"line":179,"column":null}}},"9":{"name":"(anonymous_16)","decl":{"start":{"line":166,"column":66},"end":{"line":166,"column":null}},"loc":{"start":{"line":166,"column":66},"end":{"line":179,"column":1}}},"10":{"name":"(anonymous_17)","decl":{"start":{"line":181,"column":16},"end":{"line":181,"column":23}},"loc":{"start":{"line":181,"column":55},"end":{"line":213,"column":2}}},"11":{"name":"(anonymous_18)","decl":{"start":{"line":181,"column":55},"end":{"line":181,"column":null}},"loc":{"start":{"line":181,"column":55},"end":{"line":213,"column":1}}},"12":{"name":"(anonymous_19)","decl":{"start":{"line":215,"column":16},"end":{"line":215,"column":23}},"loc":{"start":{"line":215,"column":55},"end":{"line":244,"column":2}}},"13":{"name":"(anonymous_20)","decl":{"start":{"line":215,"column":55},"end":{"line":215,"column":null}},"loc":{"start":{"line":215,"column":55},"end":{"line":244,"column":1}}},"14":{"name":"(anonymous_21)","decl":{"start":{"line":246,"column":14},"end":{"line":246,"column":21}},"loc":{"start":{"line":246,"column":53},"end":{"line":294,"column":2}}},"15":{"name":"(anonymous_22)","decl":{"start":{"line":246,"column":53},"end":{"line":246,"column":null}},"loc":{"start":{"line":246,"column":53},"end":{"line":294,"column":1}}}},"branchMap":{"0":{"loc":{"start":{"line":26,"column":26},"end":{"line":26,"column":63}},"type":"cond-expr","locations":[{"start":{"line":26,"column":60},"end":{"line":26,"column":62}},{"start":{"line":26,"column":62},"end":{"line":26,"column":63}}]},"1":{"loc":{"start":{"line":26,"column":26},"end":{"line":26,"column":62}},"type":"binary-expr","locations":[{"start":{"line":26,"column":26},"end":{"line":26,"column":62}},{"start":{"line":26,"column":60},"end":{"line":26,"column":62}}]},"2":{"loc":{"start":{"line":27,"column":26},"end":{"line":27,"column":64}},"type":"cond-expr","locations":[{"start":{"line":27,"column":60},"end":{"line":27,"column":62}},{"start":{"line":27,"column":62},"end":{"line":27,"column":64}}]},"3":{"loc":{"start":{"line":27,"column":26},"end":{"line":27,"column":62}},"type":"binary-expr","locations":[{"start":{"line":27,"column":26},"end":{"line":27,"column":62}},{"start":{"line":27,"column":60},"end":{"line":27,"column":62}}]},"4":{"loc":{"start":{"line":72,"column":26},"end":{"line":72,"column":63}},"type":"cond-expr","locations":[{"start":{"line":72,"column":60},"end":{"line":72,"column":62}},{"start":{"line":72,"column":62},"end":{"line":72,"column":63}}]},"5":{"loc":{"start":{"line":72,"column":26},"end":{"line":72,"column":62}},"type":"binary-expr","locations":[{"start":{"line":72,"column":26},"end":{"line":72,"column":62}},{"start":{"line":72,"column":60},"end":{"line":72,"column":62}}]},"6":{"loc":{"start":{"line":73,"column":26},"end":{"line":73,"column":64}},"type":"cond-expr","locations":[{"start":{"line":73,"column":60},"end":{"line":73,"column":62}},{"start":{"line":73,"column":62},"end":{"line":73,"column":64}}]},"7":{"loc":{"start":{"line":73,"column":26},"end":{"line":73,"column":62}},"type":"binary-expr","locations":[{"start":{"line":73,"column":26},"end":{"line":73,"column":62}},{"start":{"line":73,"column":60},"end":{"line":73,"column":62}}]},"8":{"loc":{"start":{"line":80,"column":4},"end":{"line":82,"column":5}},"type":"if","locations":[{"start":{"line":80,"column":4},"end":{"line":82,"column":5}}]},"9":{"loc":{"start":{"line":80,"column":7},"end":{"line":80,"column":42}},"type":"binary-expr","locations":[{"start":{"line":80,"column":7},"end":{"line":80,"column":12}},{"start":{"line":80,"column":16},"end":{"line":80,"column":21}},{"start":{"line":80,"column":25},"end":{"line":80,"column":33}},{"start":{"line":80,"column":37},"end":{"line":80,"column":42}}]},"10":{"loc":{"start":{"line":92,"column":26},"end":{"line":92,"column":63}},"type":"cond-expr","locations":[{"start":{"line":92,"column":60},"end":{"line":92,"column":62}},{"start":{"line":92,"column":62},"end":{"line":92,"column":63}}]},"11":{"loc":{"start":{"line":92,"column":26},"end":{"line":92,"column":62}},"type":"binary-expr","locations":[{"start":{"line":92,"column":26},"end":{"line":92,"column":62}},{"start":{"line":92,"column":60},"end":{"line":92,"column":62}}]},"12":{"loc":{"start":{"line":93,"column":26},"end":{"line":93,"column":64}},"type":"cond-expr","locations":[{"start":{"line":93,"column":60},"end":{"line":93,"column":62}},{"start":{"line":93,"column":62},"end":{"line":93,"column":64}}]},"13":{"loc":{"start":{"line":93,"column":26},"end":{"line":93,"column":62}},"type":"binary-expr","locations":[{"start":{"line":93,"column":26},"end":{"line":93,"column":62}},{"start":{"line":93,"column":60},"end":{"line":93,"column":62}}]},"14":{"loc":{"start":{"line":95,"column":4},"end":{"line":97,"column":5}},"type":"if","locations":[{"start":{"line":95,"column":4},"end":{"line":97,"column":5}}]},"15":{"loc":{"start":{"line":95,"column":7},"end":{"line":95,"column":21}},"type":"binary-expr","locations":[{"start":{"line":95,"column":7},"end":{"line":95,"column":12}},{"start":{"line":95,"column":16},"end":{"line":95,"column":21}}]},"16":{"loc":{"start":{"line":183,"column":26},"end":{"line":183,"column":63}},"type":"cond-expr","locations":[{"start":{"line":183,"column":60},"end":{"line":183,"column":62}},{"start":{"line":183,"column":62},"end":{"line":183,"column":63}}]},"17":{"loc":{"start":{"line":183,"column":26},"end":{"line":183,"column":62}},"type":"binary-expr","locations":[{"start":{"line":183,"column":26},"end":{"line":183,"column":62}},{"start":{"line":183,"column":60},"end":{"line":183,"column":62}}]},"18":{"loc":{"start":{"line":184,"column":26},"end":{"line":184,"column":64}},"type":"cond-expr","locations":[{"start":{"line":184,"column":60},"end":{"line":184,"column":62}},{"start":{"line":184,"column":62},"end":{"line":184,"column":64}}]},"19":{"loc":{"start":{"line":184,"column":26},"end":{"line":184,"column":62}},"type":"binary-expr","locations":[{"start":{"line":184,"column":26},"end":{"line":184,"column":62}},{"start":{"line":184,"column":60},"end":{"line":184,"column":62}}]},"20":{"loc":{"start":{"line":217,"column":26},"end":{"line":217,"column":63}},"type":"cond-expr","locations":[{"start":{"line":217,"column":60},"end":{"line":217,"column":62}},{"start":{"line":217,"column":62},"end":{"line":217,"column":63}}]},"21":{"loc":{"start":{"line":217,"column":26},"end":{"line":217,"column":62}},"type":"binary-expr","locations":[{"start":{"line":217,"column":26},"end":{"line":217,"column":62}},{"start":{"line":217,"column":60},"end":{"line":217,"column":62}}]},"22":{"loc":{"start":{"line":218,"column":26},"end":{"line":218,"column":64}},"type":"cond-expr","locations":[{"start":{"line":218,"column":60},"end":{"line":218,"column":62}},{"start":{"line":218,"column":62},"end":{"line":218,"column":64}}]},"23":{"loc":{"start":{"line":218,"column":26},"end":{"line":218,"column":62}},"type":"binary-expr","locations":[{"start":{"line":218,"column":26},"end":{"line":218,"column":62}},{"start":{"line":218,"column":60},"end":{"line":218,"column":62}}]},"24":{"loc":{"start":{"line":248,"column":26},"end":{"line":248,"column":63}},"type":"cond-expr","locations":[{"start":{"line":248,"column":60},"end":{"line":248,"column":62}},{"start":{"line":248,"column":62},"end":{"line":248,"column":63}}]},"25":{"loc":{"start":{"line":248,"column":26},"end":{"line":248,"column":62}},"type":"binary-expr","locations":[{"start":{"line":248,"column":26},"end":{"line":248,"column":62}},{"start":{"line":248,"column":60},"end":{"line":248,"column":62}}]},"26":{"loc":{"start":{"line":249,"column":26},"end":{"line":249,"column":64}},"type":"cond-expr","locations":[{"start":{"line":249,"column":60},"end":{"line":249,"column":62}},{"start":{"line":249,"column":62},"end":{"line":249,"column":64}}]},"27":{"loc":{"start":{"line":249,"column":26},"end":{"line":249,"column":62}},"type":"binary-expr","locations":[{"start":{"line":249,"column":26},"end":{"line":249,"column":62}},{"start":{"line":249,"column":60},"end":{"line":249,"column":62}}]}},"s":{"0":2,"1":2,"2":2,"3":2,"4":2,"5":4,"6":4,"7":4,"8":4,"9":4,"10":2,"11":2,"12":2,"13":2,"14":4,"15":4,"16":4,"17":4,"18":4,"19":4,"20":4,"21":4,"22":4,"23":4,"24":3,"25":1,"26":1,"27":0,"28":2,"29":2,"30":2,"31":2,"32":2,"33":2,"34":2,"35":1,"36":1,"37":1,"38":0,"39":2,"40":2,"41":0,"42":0,"43":0,"44":0,"45":0,"46":0,"47":0,"48":2,"49":2,"50":0,"51":0,"52":0,"53":0,"54":0,"55":0,"56":2,"57":2,"58":2,"59":2,"60":2,"61":2,"62":2,"63":2,"64":1,"65":1,"66":2,"67":2,"68":2,"69":2,"70":2,"71":2,"72":2,"73":2,"74":2,"75":2,"76":2,"77":1,"78":1,"79":2,"80":2,"81":2,"82":2,"83":2,"84":2,"85":2,"86":2,"87":1,"88":1,"89":2},"f":{"0":4,"1":4,"2":4,"3":4,"4":2,"5":2,"6":0,"7":0,"8":0,"9":0,"10":2,"11":2,"12":2,"13":2,"14":2,"15":2},"b":{"0":[4,0],"1":[4,4],"2":[4,0],"3":[4,4],"4":[4,0],"5":[4,4],"6":[4,0],"7":[4,4],"8":[3],"9":[4,2,1,1],"10":[2,0],"11":[2,2],"12":[2,0],"13":[2,2],"14":[1],"15":[2,1],"16":[2,0],"17":[2,2],"18":[2,0],"19":[2,2],"20":[2,0],"21":[2,2],"22":[2,0],"23":[2,2],"24":[2,0],"25":[2,2],"26":[2,0],"27":[2,2]}}
,"C:\\Users\\danil\\laboratoria\\DEV013-fleet-management-api\\src\\models\\trajectories.models.ts": {"path":"C:\\Users\\danil\\laboratoria\\DEV013-fleet-management-api\\src\\models\\trajectories.models.ts","statementMap":{"0":{"start":{"line":1,"column":0},"end":{"line":1,"column":46}},"1":{"start":{"line":4,"column":15},"end":{"line":4,"column":46}},"2":{"start":{"line":7,"column":34},"end":{"line":13,"column":2}},"3":{"start":{"line":7,"column":83},"end":{"line":13,"column":2}},"4":{"start":{"line":8,"column":23},"end":{"line":11,"column":4}},"5":{"start":{"line":12,"column":2},"end":{"line":12,"column":22}},"6":{"start":{"line":7,"column":13},"end":{"line":7,"column":34}},"7":{"start":{"line":15,"column":36},"end":{"line":34,"column":2}},"8":{"start":{"line":15,"column":132},"end":{"line":34,"column":2}},"9":{"start":{"line":16,"column":23},"end":{"line":32,"column":4}},"10":{"start":{"line":33,"column":2},"end":{"line":33,"column":22}},"11":{"start":{"line":15,"column":13},"end":{"line":15,"column":36}}},"fnMap":{"0":{"name":"(anonymous_7)","decl":{"start":{"line":7,"column":34},"end":{"line":7,"column":40}},"loc":{"start":{"line":7,"column":83},"end":{"line":13,"column":2}}},"1":{"name":"(anonymous_8)","decl":{"start":{"line":7,"column":83},"end":{"line":7,"column":null}},"loc":{"start":{"line":7,"column":83},"end":{"line":13,"column":1}}},"2":{"name":"(anonymous_9)","decl":{"start":{"line":15,"column":36},"end":{"line":15,"column":42}},"loc":{"start":{"line":15,"column":132},"end":{"line":34,"column":2}}},"3":{"name":"(anonymous_10)","decl":{"start":{"line":15,"column":132},"end":{"line":15,"column":null}},"loc":{"start":{"line":15,"column":132},"end":{"line":34,"column":1}}}},"branchMap":{},"s":{"0":3,"1":3,"2":3,"3":5,"4":5,"5":3,"6":3,"7":3,"8":2,"9":2,"10":2,"11":3},"f":{"0":5,"1":5,"2":2,"3":2},"b":{}}
,"C:\\Users\\danil\\laboratoria\\DEV013-fleet-management-api\\src\\routes\\taxi.routes.ts": {"path":"C:\\Users\\danil\\laboratoria\\DEV013-fleet-management-api\\src\\routes\\taxi.routes.ts","statementMap":{"0":{"start":{"line":2,"column":0},"end":{"line":2,"column":42}},"1":{"start":{"line":3,"column":0},"end":{"line":3,"column":111}},"2":{"start":{"line":6,"column":23},"end":{"line":6,"column":39}},"3":{"start":{"line":209,"column":0},"end":{"line":209,"column":34}},"4":{"start":{"line":210,"column":0},"end":{"line":210,"column":37}},"5":{"start":{"line":211,"column":0},"end":{"line":211,"column":35}},"6":{"start":{"line":212,"column":0},"end":{"line":212,"column":38}},"7":{"start":{"line":213,"column":0},"end":{"line":213,"column":41}},"8":{"start":{"line":217,"column":0},"end":{"line":217,"column":22}}},"fnMap":{},"branchMap":{},"s":{"0":2,"1":2,"2":2,"3":2,"4":2,"5":2,"6":2,"7":2,"8":2},"f":{},"b":{}}
,"C:\\Users\\danil\\laboratoria\\DEV013-fleet-management-api\\src\\routes\\trajectories.routes.ts": {"path":"C:\\Users\\danil\\laboratoria\\DEV013-fleet-management-api\\src\\routes\\trajectories.routes.ts","statementMap":{"0":{"start":{"line":1,"column":0},"end":{"line":1,"column":42}},"1":{"start":{"line":2,"column":0},"end":{"line":2,"column":177}},"2":{"start":{"line":4,"column":35},"end":{"line":4,"column":51}},"3":{"start":{"line":324,"column":0},"end":{"line":324,"column":48}},"4":{"start":{"line":325,"column":0},"end":{"line":325,"column":60}},"5":{"start":{"line":326,"column":0},"end":{"line":326,"column":62}},"6":{"start":{"line":327,"column":0},"end":{"line":327,"column":61}},"7":{"start":{"line":328,"column":0},"end":{"line":328,"column":68}},"8":{"start":{"line":331,"column":0},"end":{"line":331,"column":53}},"9":{"start":{"line":332,"column":0},"end":{"line":332,"column":60}},"10":{"start":{"line":333,"column":0},"end":{"line":333,"column":59}},"11":{"start":{"line":337,"column":0},"end":{"line":337,"column":34}}},"fnMap":{},"branchMap":{},"s":{"0":2,"1":2,"2":2,"3":2,"4":2,"5":2,"6":2,"7":2,"8":2,"9":2,"10":2,"11":2},"f":{},"b":{}}
}
