{"C:\\Users\\danil\\laboratoria\\DEV013-fleet-management-api\\functions-without-context.ts": {"path":"C:\\Users\\danil\\laboratoria\\DEV013-fleet-management-api\\functions-without-context.ts","statementMap":{"0":{"start":{"line":1,"column":0},"end":{"line":1,"column":29}},"1":{"start":{"line":24,"column":2},"end":{"line":28,"column":3}},"2":{"start":{"line":25,"column":4},"end":{"line":25,"column":null}},"3":{"start":{"line":27,"column":4},"end":{"line":27,"column":null}},"4":{"start":{"line":23,"column":0},"end":{"line":23,"column":22}},"5":{"start":{"line":40,"column":2},"end":{"line":40,"column":null}},"6":{"start":{"line":36,"column":0},"end":{"line":36,"column":22}},"7":{"start":{"line":50,"column":2},"end":{"line":53,"column":null}},"8":{"start":{"line":49,"column":0},"end":{"line":49,"column":22}}},"fnMap":{"0":{"name":"getTaxis","decl":{"start":{"line":23,"column":22},"end":{"line":23,"column":30}},"loc":{"start":{"line":23,"column":44},"end":{"line":29,"column":null}}},"1":{"name":"createTaxi","decl":{"start":{"line":36,"column":22},"end":{"line":36,"column":32}},"loc":{"start":{"line":36,"column":49},"end":{"line":42,"column":null}}},"2":{"name":"updateTaxi","decl":{"start":{"line":49,"column":22},"end":{"line":49,"column":32}},"loc":{"start":{"line":49,"column":49},"end":{"line":54,"column":null}}}},"branchMap":{"0":{"loc":{"start":{"line":24,"column":2},"end":{"line":28,"column":3}},"type":"if","locations":[{"start":{"line":24,"column":2},"end":{"line":28,"column":3}},{"start":{"line":26,"column":9},"end":{"line":28,"column":3}}]}},"s":{"0":1,"1":3,"2":3,"3":0,"4":1,"5":2,"6":1,"7":1,"8":1},"f":{"0":3,"1":2,"2":1},"b":{"0":[3,0]}}
,"C:\\Users\\danil\\laboratoria\\DEV013-fleet-management-api\\src\\excel.ts": {"path":"C:\\Users\\danil\\laboratoria\\DEV013-fleet-management-api\\src\\excel.ts","statementMap":{"0":{"start":{"line":2,"column":0},"end":{"line":2,"column":41}},"1":{"start":{"line":107,"column":19},"end":{"line":107,"column":54}},"2":{"start":{"line":108,"column":2},"end":{"line":113,"column":null}},"3":{"start":{"line":114,"column":2},"end":{"line":114,"column":null}},"4":{"start":{"line":106,"column":0},"end":{"line":106,"column":22}},"5":{"start":{"line":117,"column":0},"end":{"line":117,"column":14}}},"fnMap":{"0":{"name":"createExcel","decl":{"start":{"line":106,"column":22},"end":{"line":106,"column":33}},"loc":{"start":{"line":106,"column":54},"end":{"line":115,"column":null}}}},"branchMap":{},"s":{"0":3,"1":3,"2":2,"3":2,"4":3,"5":3},"f":{"0":3},"b":{}}
,"C:\\Users\\danil\\laboratoria\\DEV013-fleet-management-api\\src\\index.ts": {"path":"C:\\Users\\danil\\laboratoria\\DEV013-fleet-management-api\\src\\index.ts","statementMap":{"0":{"start":{"line":1,"column":0},"end":{"line":1,"column":47}},"1":{"start":{"line":2,"column":0},"end":{"line":2,"column":42}},"2":{"start":{"line":3,"column":0},"end":{"line":3,"column":62}},"3":{"start":{"line":4,"column":0},"end":{"line":4,"column":38}},"4":{"start":{"line":19,"column":25},"end":{"line":19,"column":34}},"5":{"start":{"line":21,"column":18},"end":{"line":21,"column":42}},"6":{"start":{"line":24,"column":0},"end":{"line":24,"column":24}},"7":{"start":{"line":27,"column":0},"end":{"line":27,"column":null}},"8":{"start":{"line":29,"column":0},"end":{"line":29,"column":28}},"9":{"start":{"line":35,"column":0},"end":{"line":35,"column":null}},"10":{"start":{"line":38,"column":0},"end":{"line":42,"column":1}},"11":{"start":{"line":39,"column":2},"end":{"line":41,"column":5}},"12":{"start":{"line":40,"column":4},"end":{"line":40,"column":47}},"13":{"start":{"line":45,"column":0},"end":{"line":45,"column":19}}},"fnMap":{"0":{"name":"(anonymous_1)","decl":{"start":{"line":39,"column":19},"end":{"line":39,"column":28}},"loc":{"start":{"line":39,"column":30},"end":{"line":41,"column":3}}}},"branchMap":{"0":{"loc":{"start":{"line":21,"column":18},"end":{"line":21,"column":42}},"type":"binary-expr","locations":[{"start":{"line":21,"column":18},"end":{"line":21,"column":34}},{"start":{"line":21,"column":38},"end":{"line":21,"column":42}}]},"1":{"loc":{"start":{"line":38,"column":0},"end":{"line":42,"column":1}},"type":"if","locations":[{"start":{"line":38,"column":0},"end":{"line":42,"column":1}}]}},"s":{"0":2,"1":2,"2":2,"3":2,"4":2,"5":2,"6":2,"7":2,"8":2,"9":2,"10":2,"11":2,"12":0,"13":2},"f":{"0":0},"b":{"0":[2,0],"1":[2]}}
,"C:\\Users\\danil\\laboratoria\\DEV013-fleet-management-api\\src\\mail.ts": {"path":"C:\\Users\\danil\\laboratoria\\DEV013-fleet-management-api\\src\\mail.ts","statementMap":{"0":{"start":{"line":1,"column":0},"end":{"line":1,"column":42}},"1":{"start":{"line":3,"column":13},"end":{"line":11,"column":3}},"2":{"start":{"line":13,"column":0},"end":{"line":16,"column":null}},"3":{"start":{"line":14,"column":2},"end":{"line":14,"column":39}}},"fnMap":{"0":{"name":"(anonymous_0)","decl":{"start":{"line":13,"column":26},"end":{"line":13,"column":29}},"loc":{"start":{"line":13,"column":31},"end":{"line":16,"column":1}}}},"branchMap":{},"s":{"0":3,"1":3,"2":3,"3":2},"f":{"0":2},"b":{}}
,"C:\\Users\\danil\\laboratoria\\DEV013-fleet-management-api\\src\\swagger.ts": {"path":"C:\\Users\\danil\\laboratoria\\DEV013-fleet-management-api\\src\\swagger.ts","statementMap":{"0":{"start":{"line":56,"column":0},"end":{"line":56,"column":30}},"1":{"start":{"line":57,"column":0},"end":{"line":57,"column":43}},"2":{"start":{"line":58,"column":0},"end":{"line":58,"column":41}},"3":{"start":{"line":60,"column":22},"end":{"line":60,"column":38}},"4":{"start":{"line":61,"column":16},"end":{"line":186,"column":2}},"5":{"start":{"line":188,"column":20},"end":{"line":188,"column":41}},"6":{"start":{"line":189,"column":0},"end":{"line":189,"column":48}},"7":{"start":{"line":190,"column":0},"end":{"line":190,"column":61}},"8":{"start":{"line":192,"column":0},"end":{"line":192,"column":29}}},"fnMap":{},"branchMap":{},"s":{"0":2,"1":2,"2":2,"3":2,"4":2,"5":2,"6":2,"7":2,"8":2},"f":{},"b":{}}
,"C:\\Users\\danil\\laboratoria\\DEV013-fleet-management-api\\src\\controller\\taxi.controller.ts": {"path":"C:\\Users\\danil\\laboratoria\\DEV013-fleet-management-api\\src\\controller\\taxi.controller.ts","statementMap":{"0":{"start":{"line":1,"column":0},"end":{"line":1,"column":45}},"1":{"start":{"line":3,"column":0},"end":{"line":3,"column":38}},"2":{"start":{"line":4,"column":0},"end":{"line":4,"column":37}},"3":{"start":{"line":6,"column":15},"end":{"line":6,"column":39}},"4":{"start":{"line":8,"column":27},"end":{"line":31,"column":2}},"5":{"start":{"line":8,"column":66},"end":{"line":31,"column":2}},"6":{"start":{"line":9,"column":2},"end":{"line":19,"column":3}},"7":{"start":{"line":10,"column":26},"end":{"line":10,"column":63}},"8":{"start":{"line":11,"column":26},"end":{"line":11,"column":64}},"9":{"start":{"line":12,"column":25},"end":{"line":15,"column":6}},"10":{"start":{"line":16,"column":4},"end":{"line":16,"column":40}},"11":{"start":{"line":18,"column":4},"end":{"line":18,"column":null}},"12":{"start":{"line":8,"column":13},"end":{"line":8,"column":27}},"13":{"start":{"line":33,"column":26},"end":{"line":54,"column":null}},"14":{"start":{"line":33,"column":65},"end":{"line":54,"column":null}},"15":{"start":{"line":34,"column":2},"end":{"line":53,"column":3}},"16":{"start":{"line":35,"column":19},"end":{"line":35,"column":32}},"17":{"start":{"line":36,"column":21},"end":{"line":36,"column":37}},"18":{"start":{"line":38,"column":25},"end":{"line":42,"column":6}},"19":{"start":{"line":43,"column":4},"end":{"line":43,"column":28}},"20":{"start":{"line":52,"column":4},"end":{"line":52,"column":null}},"21":{"start":{"line":33,"column":13},"end":{"line":33,"column":26}},"22":{"start":{"line":56,"column":24},"end":{"line":87,"column":null}},"23":{"start":{"line":56,"column":63},"end":{"line":87,"column":null}},"24":{"start":{"line":68,"column":2},"end":{"line":86,"column":3}},"25":{"start":{"line":69,"column":26},"end":{"line":69,"column":34}},"26":{"start":{"line":70,"column":18},"end":{"line":70,"column":37}},"27":{"start":{"line":71,"column":4},"end":{"line":82,"column":7}},"28":{"start":{"line":83,"column":4},"end":{"line":83,"column":null}},"29":{"start":{"line":85,"column":4},"end":{"line":85,"column":null}},"30":{"start":{"line":56,"column":13},"end":{"line":56,"column":24}},"31":{"start":{"line":89,"column":27},"end":{"line":100,"column":null}},"32":{"start":{"line":89,"column":66},"end":{"line":100,"column":null}},"33":{"start":{"line":90,"column":2},"end":{"line":99,"column":3}},"34":{"start":{"line":91,"column":24},"end":{"line":91,"column":32}},"35":{"start":{"line":92,"column":4},"end":{"line":94,"column":5}},"36":{"start":{"line":93,"column":6},"end":{"line":93,"column":62}},"37":{"start":{"line":95,"column":19},"end":{"line":95,"column":70}},"38":{"start":{"line":96,"column":4},"end":{"line":96,"column":34}},"39":{"start":{"line":98,"column":4},"end":{"line":98,"column":null}},"40":{"start":{"line":89,"column":13},"end":{"line":89,"column":27}},"41":{"start":{"line":102,"column":27},"end":{"line":120,"column":2}},"42":{"start":{"line":102,"column":66},"end":{"line":120,"column":2}},"43":{"start":{"line":103,"column":2},"end":{"line":119,"column":3}},"44":{"start":{"line":104,"column":19},"end":{"line":104,"column":32}},"45":{"start":{"line":105,"column":21},"end":{"line":105,"column":37}},"46":{"start":{"line":106,"column":17},"end":{"line":106,"column":25}},"47":{"start":{"line":110,"column":19},"end":{"line":115,"column":6}},"48":{"start":{"line":116,"column":4},"end":{"line":116,"column":34}},"49":{"start":{"line":118,"column":4},"end":{"line":118,"column":null}},"50":{"start":{"line":102,"column":13},"end":{"line":102,"column":27}},"51":{"start":{"line":122,"column":27},"end":{"line":146,"column":null}},"52":{"start":{"line":122,"column":66},"end":{"line":146,"column":null}},"53":{"start":{"line":123,"column":2},"end":{"line":145,"column":3}},"54":{"start":{"line":124,"column":24},"end":{"line":124,"column":37}},"55":{"start":{"line":125,"column":30},"end":{"line":125,"column":42}},"56":{"start":{"line":137,"column":22},"end":{"line":141,"column":6}},"57":{"start":{"line":142,"column":4},"end":{"line":142,"column":37}},"58":{"start":{"line":144,"column":4},"end":{"line":144,"column":null}},"59":{"start":{"line":122,"column":13},"end":{"line":122,"column":27}}},"fnMap":{"0":{"name":"(anonymous_7)","decl":{"start":{"line":8,"column":27},"end":{"line":8,"column":34}},"loc":{"start":{"line":8,"column":66},"end":{"line":31,"column":2}}},"1":{"name":"(anonymous_8)","decl":{"start":{"line":8,"column":66},"end":{"line":8,"column":null}},"loc":{"start":{"line":8,"column":66},"end":{"line":31,"column":1}}},"2":{"name":"(anonymous_9)","decl":{"start":{"line":33,"column":26},"end":{"line":33,"column":33}},"loc":{"start":{"line":33,"column":65},"end":{"line":54,"column":null}}},"3":{"name":"(anonymous_10)","decl":{"start":{"line":33,"column":65},"end":{"line":33,"column":null}},"loc":{"start":{"line":33,"column":65},"end":{"line":54,"column":1}}},"4":{"name":"(anonymous_11)","decl":{"start":{"line":56,"column":24},"end":{"line":56,"column":31}},"loc":{"start":{"line":56,"column":63},"end":{"line":87,"column":null}}},"5":{"name":"(anonymous_12)","decl":{"start":{"line":56,"column":63},"end":{"line":56,"column":null}},"loc":{"start":{"line":56,"column":63},"end":{"line":87,"column":1}}},"6":{"name":"(anonymous_13)","decl":{"start":{"line":89,"column":27},"end":{"line":89,"column":34}},"loc":{"start":{"line":89,"column":66},"end":{"line":100,"column":null}}},"7":{"name":"(anonymous_14)","decl":{"start":{"line":89,"column":66},"end":{"line":89,"column":null}},"loc":{"start":{"line":89,"column":66},"end":{"line":100,"column":1}}},"8":{"name":"(anonymous_15)","decl":{"start":{"line":102,"column":27},"end":{"line":102,"column":34}},"loc":{"start":{"line":102,"column":66},"end":{"line":120,"column":2}}},"9":{"name":"(anonymous_16)","decl":{"start":{"line":102,"column":66},"end":{"line":102,"column":null}},"loc":{"start":{"line":102,"column":66},"end":{"line":120,"column":1}}},"10":{"name":"(anonymous_17)","decl":{"start":{"line":122,"column":27},"end":{"line":122,"column":34}},"loc":{"start":{"line":122,"column":66},"end":{"line":146,"column":null}}},"11":{"name":"(anonymous_18)","decl":{"start":{"line":122,"column":66},"end":{"line":122,"column":null}},"loc":{"start":{"line":122,"column":66},"end":{"line":146,"column":1}}}},"branchMap":{"0":{"loc":{"start":{"line":10,"column":26},"end":{"line":10,"column":63}},"type":"cond-expr","locations":[{"start":{"line":10,"column":60},"end":{"line":10,"column":62}},{"start":{"line":10,"column":62},"end":{"line":10,"column":63}}]},"1":{"loc":{"start":{"line":10,"column":26},"end":{"line":10,"column":62}},"type":"binary-expr","locations":[{"start":{"line":10,"column":26},"end":{"line":10,"column":62}},{"start":{"line":10,"column":60},"end":{"line":10,"column":62}}]},"2":{"loc":{"start":{"line":11,"column":26},"end":{"line":11,"column":64}},"type":"cond-expr","locations":[{"start":{"line":11,"column":60},"end":{"line":11,"column":62}},{"start":{"line":11,"column":62},"end":{"line":11,"column":64}}]},"3":{"loc":{"start":{"line":11,"column":26},"end":{"line":11,"column":62}},"type":"binary-expr","locations":[{"start":{"line":11,"column":26},"end":{"line":11,"column":62}},{"start":{"line":11,"column":60},"end":{"line":11,"column":62}}]},"4":{"loc":{"start":{"line":92,"column":4},"end":{"line":94,"column":5}},"type":"if","locations":[{"start":{"line":92,"column":4},"end":{"line":94,"column":5}}]},"5":{"loc":{"start":{"line":92,"column":8},"end":{"line":92,"column":21}},"type":"binary-expr","locations":[{"start":{"line":92,"column":8},"end":{"line":92,"column":11}},{"start":{"line":92,"column":15},"end":{"line":92,"column":21}}]}},"s":{"0":3,"1":3,"2":3,"3":3,"4":3,"5":5,"6":5,"7":5,"8":5,"9":5,"10":3,"11":2,"12":3,"13":3,"14":1,"15":1,"16":1,"17":1,"18":1,"19":1,"20":0,"21":3,"22":3,"23":0,"24":0,"25":0,"26":0,"27":0,"28":0,"29":0,"30":3,"31":3,"32":1,"33":1,"34":1,"35":1,"36":0,"37":1,"38":1,"39":0,"40":3,"41":3,"42":1,"43":1,"44":1,"45":1,"46":1,"47":1,"48":1,"49":0,"50":3,"51":3,"52":1,"53":1,"54":1,"55":1,"56":1,"57":1,"58":0,"59":3},"f":{"0":5,"1":5,"2":1,"3":1,"4":0,"5":0,"6":1,"7":1,"8":1,"9":1,"10":1,"11":1},"b":{"0":[5,0],"1":[5,5],"2":[5,0],"3":[5,5],"4":[0],"5":[1,0]}}
,"C:\\Users\\danil\\laboratoria\\DEV013-fleet-management-api\\src\\controller\\trajectories.controller.ts": {"path":"C:\\Users\\danil\\laboratoria\\DEV013-fleet-management-api\\src\\controller\\trajectories.controller.ts","statementMap":{"0":{"start":{"line":1,"column":0},"end":{"line":1,"column":45}},"1":{"start":{"line":3,"column":0},"end":{"line":3,"column":38}},"2":{"start":{"line":4,"column":0},"end":{"line":4,"column":113}},"3":{"start":{"line":6,"column":15},"end":{"line":6,"column":46}},"4":{"start":{"line":7,"column":14},"end":{"line":7,"column":32}},"5":{"start":{"line":25,"column":15},"end":{"line":34,"column":2}},"6":{"start":{"line":25,"column":54},"end":{"line":34,"column":2}},"7":{"start":{"line":26,"column":2},"end":{"line":33,"column":3}},"8":{"start":{"line":27,"column":26},"end":{"line":27,"column":63}},"9":{"start":{"line":28,"column":26},"end":{"line":28,"column":64}},"10":{"start":{"line":29,"column":25},"end":{"line":29,"column":61}},"11":{"start":{"line":30,"column":4},"end":{"line":30,"column":35}},"12":{"start":{"line":32,"column":4},"end":{"line":32,"column":null}},"13":{"start":{"line":388,"column":8},"end":{"line":388,"column":14}},"14":{"start":{"line":71,"column":24},"end":{"line":100,"column":2}},"15":{"start":{"line":71,"column":62},"end":{"line":100,"column":2}},"16":{"start":{"line":72,"column":2},"end":{"line":88,"column":3}},"17":{"start":{"line":73,"column":26},"end":{"line":73,"column":63}},"18":{"start":{"line":74,"column":26},"end":{"line":74,"column":64}},"19":{"start":{"line":76,"column":20},"end":{"line":76,"column":47}},"20":{"start":{"line":77,"column":17},"end":{"line":77,"column":41}},"21":{"start":{"line":78,"column":20},"end":{"line":78,"column":41}},"22":{"start":{"line":79,"column":22},"end":{"line":79,"column":43}},"23":{"start":{"line":80,"column":4},"end":{"line":80,"column":43}},"24":{"start":{"line":81,"column":4},"end":{"line":83,"column":5}},"25":{"start":{"line":82,"column":6},"end":{"line":82,"column":null}},"26":{"start":{"line":84,"column":25},"end":{"line":84,"column":92}},"27":{"start":{"line":85,"column":4},"end":{"line":85,"column":47}},"28":{"start":{"line":87,"column":4},"end":{"line":87,"column":null}},"29":{"start":{"line":388,"column":61},"end":{"line":388,"column":76}},"30":{"start":{"line":102,"column":20},"end":{"line":132,"column":2}},"31":{"start":{"line":102,"column":59},"end":{"line":132,"column":2}},"32":{"start":{"line":103,"column":2},"end":{"line":131,"column":3}},"33":{"start":{"line":104,"column":26},"end":{"line":104,"column":63}},"34":{"start":{"line":105,"column":26},"end":{"line":105,"column":64}},"35":{"start":{"line":107,"column":4},"end":{"line":109,"column":5}},"36":{"start":{"line":108,"column":6},"end":{"line":108,"column":null}},"37":{"start":{"line":110,"column":25},"end":{"line":127,"column":null}},"38":{"start":{"line":128,"column":4},"end":{"line":128,"column":40}},"39":{"start":{"line":130,"column":4},"end":{"line":130,"column":null}},"40":{"start":{"line":388,"column":78},"end":{"line":388,"column":89}},"41":{"start":{"line":134,"column":27},"end":{"line":150,"column":2}},"42":{"start":{"line":134,"column":66},"end":{"line":150,"column":2}},"43":{"start":{"line":135,"column":2},"end":{"line":149,"column":3}},"44":{"start":{"line":136,"column":50},"end":{"line":136,"column":58}},"45":{"start":{"line":137,"column":20},"end":{"line":137,"column":34}},"46":{"start":{"line":138,"column":19},"end":{"line":145,"column":6}},"47":{"start":{"line":146,"column":4},"end":{"line":146,"column":34}},"48":{"start":{"line":148,"column":4},"end":{"line":148,"column":null}},"49":{"start":{"line":388,"column":25},"end":{"line":388,"column":43}},"50":{"start":{"line":174,"column":27},"end":{"line":187,"column":null}},"51":{"start":{"line":174,"column":66},"end":{"line":187,"column":null}},"52":{"start":{"line":175,"column":2},"end":{"line":186,"column":3}},"53":{"start":{"line":176,"column":23},"end":{"line":176,"column":36}},"54":{"start":{"line":177,"column":31},"end":{"line":181,"column":6}},"55":{"start":{"line":182,"column":4},"end":{"line":182,"column":null}},"56":{"start":{"line":185,"column":4},"end":{"line":185,"column":null}},"57":{"start":{"line":388,"column":91},"end":{"line":388,"column":109}},"58":{"start":{"line":189,"column":16},"end":{"line":221,"column":2}},"59":{"start":{"line":189,"column":55},"end":{"line":221,"column":2}},"60":{"start":{"line":190,"column":2},"end":{"line":220,"column":3}},"61":{"start":{"line":191,"column":26},"end":{"line":191,"column":63}},"62":{"start":{"line":192,"column":26},"end":{"line":192,"column":64}},"63":{"start":{"line":193,"column":30},"end":{"line":193,"column":38}},"64":{"start":{"line":195,"column":25},"end":{"line":209,"column":6}},"65":{"start":{"line":210,"column":4},"end":{"line":210,"column":42}},"66":{"start":{"line":219,"column":4},"end":{"line":219,"column":null}},"67":{"start":{"line":388,"column":16},"end":{"line":388,"column":23}},"68":{"start":{"line":223,"column":16},"end":{"line":252,"column":2}},"69":{"start":{"line":223,"column":55},"end":{"line":252,"column":2}},"70":{"start":{"line":224,"column":2},"end":{"line":251,"column":3}},"71":{"start":{"line":225,"column":26},"end":{"line":225,"column":63}},"72":{"start":{"line":226,"column":26},"end":{"line":226,"column":64}},"73":{"start":{"line":227,"column":21},"end":{"line":227,"column":31}},"74":{"start":{"line":228,"column":20},"end":{"line":228,"column":34}},"75":{"start":{"line":229,"column":22},"end":{"line":229,"column":36}},"76":{"start":{"line":230,"column":4},"end":{"line":230,"column":41}},"77":{"start":{"line":232,"column":25},"end":{"line":247,"column":6}},"78":{"start":{"line":248,"column":4},"end":{"line":248,"column":42}},"79":{"start":{"line":250,"column":4},"end":{"line":250,"column":null}},"80":{"start":{"line":388,"column":52},"end":{"line":388,"column":59}},"81":{"start":{"line":254,"column":14},"end":{"line":302,"column":2}},"82":{"start":{"line":254,"column":53},"end":{"line":302,"column":2}},"83":{"start":{"line":255,"column":2},"end":{"line":301,"column":3}},"84":{"start":{"line":256,"column":26},"end":{"line":256,"column":63}},"85":{"start":{"line":257,"column":26},"end":{"line":257,"column":64}},"86":{"start":{"line":284,"column":24},"end":{"line":284,"column":34}},"87":{"start":{"line":285,"column":25},"end":{"line":297,"column":6}},"88":{"start":{"line":298,"column":4},"end":{"line":298,"column":30}},"89":{"start":{"line":300,"column":4},"end":{"line":300,"column":53}},"90":{"start":{"line":388,"column":45},"end":{"line":388,"column":50}},"91":{"start":{"line":304,"column":17},"end":{"line":328,"column":2}},"92":{"start":{"line":304,"column":56},"end":{"line":328,"column":2}},"93":{"start":{"line":305,"column":2},"end":{"line":315,"column":3}},"94":{"start":{"line":306,"column":4},"end":{"line":312,"column":7}},"95":{"start":{"line":314,"column":4},"end":{"line":314,"column":null}},"96":{"start":{"line":388,"column":111},"end":{"line":388,"column":119}}},"fnMap":{"0":{"name":"(anonymous_7)","decl":{"start":{"line":25,"column":15},"end":{"line":25,"column":22}},"loc":{"start":{"line":25,"column":54},"end":{"line":34,"column":2}}},"1":{"name":"(anonymous_8)","decl":{"start":{"line":25,"column":54},"end":{"line":25,"column":null}},"loc":{"start":{"line":25,"column":54},"end":{"line":34,"column":1}}},"2":{"name":"(anonymous_9)","decl":{"start":{"line":71,"column":24},"end":{"line":71,"column":30}},"loc":{"start":{"line":71,"column":62},"end":{"line":100,"column":2}}},"3":{"name":"(anonymous_10)","decl":{"start":{"line":71,"column":62},"end":{"line":71,"column":null}},"loc":{"start":{"line":71,"column":62},"end":{"line":100,"column":1}}},"4":{"name":"(anonymous_11)","decl":{"start":{"line":102,"column":20},"end":{"line":102,"column":27}},"loc":{"start":{"line":102,"column":59},"end":{"line":132,"column":2}}},"5":{"name":"(anonymous_12)","decl":{"start":{"line":102,"column":59},"end":{"line":102,"column":null}},"loc":{"start":{"line":102,"column":59},"end":{"line":132,"column":1}}},"6":{"name":"(anonymous_13)","decl":{"start":{"line":134,"column":27},"end":{"line":134,"column":34}},"loc":{"start":{"line":134,"column":66},"end":{"line":150,"column":2}}},"7":{"name":"(anonymous_14)","decl":{"start":{"line":134,"column":66},"end":{"line":134,"column":null}},"loc":{"start":{"line":134,"column":66},"end":{"line":150,"column":1}}},"8":{"name":"(anonymous_15)","decl":{"start":{"line":174,"column":27},"end":{"line":174,"column":34}},"loc":{"start":{"line":174,"column":66},"end":{"line":187,"column":null}}},"9":{"name":"(anonymous_16)","decl":{"start":{"line":174,"column":66},"end":{"line":174,"column":null}},"loc":{"start":{"line":174,"column":66},"end":{"line":187,"column":1}}},"10":{"name":"(anonymous_17)","decl":{"start":{"line":189,"column":16},"end":{"line":189,"column":23}},"loc":{"start":{"line":189,"column":55},"end":{"line":221,"column":2}}},"11":{"name":"(anonymous_18)","decl":{"start":{"line":189,"column":55},"end":{"line":189,"column":null}},"loc":{"start":{"line":189,"column":55},"end":{"line":221,"column":1}}},"12":{"name":"(anonymous_19)","decl":{"start":{"line":223,"column":16},"end":{"line":223,"column":23}},"loc":{"start":{"line":223,"column":55},"end":{"line":252,"column":2}}},"13":{"name":"(anonymous_20)","decl":{"start":{"line":223,"column":55},"end":{"line":223,"column":null}},"loc":{"start":{"line":223,"column":55},"end":{"line":252,"column":1}}},"14":{"name":"(anonymous_21)","decl":{"start":{"line":254,"column":14},"end":{"line":254,"column":21}},"loc":{"start":{"line":254,"column":53},"end":{"line":302,"column":2}}},"15":{"name":"(anonymous_22)","decl":{"start":{"line":254,"column":53},"end":{"line":254,"column":null}},"loc":{"start":{"line":254,"column":53},"end":{"line":302,"column":1}}},"16":{"name":"(anonymous_23)","decl":{"start":{"line":304,"column":17},"end":{"line":304,"column":24}},"loc":{"start":{"line":304,"column":56},"end":{"line":328,"column":2}}},"17":{"name":"(anonymous_24)","decl":{"start":{"line":304,"column":56},"end":{"line":304,"column":null}},"loc":{"start":{"line":304,"column":56},"end":{"line":328,"column":1}}}},"branchMap":{"0":{"loc":{"start":{"line":27,"column":26},"end":{"line":27,"column":63}},"type":"cond-expr","locations":[{"start":{"line":27,"column":60},"end":{"line":27,"column":62}},{"start":{"line":27,"column":62},"end":{"line":27,"column":63}}]},"1":{"loc":{"start":{"line":27,"column":26},"end":{"line":27,"column":62}},"type":"binary-expr","locations":[{"start":{"line":27,"column":26},"end":{"line":27,"column":62}},{"start":{"line":27,"column":60},"end":{"line":27,"column":62}}]},"2":{"loc":{"start":{"line":28,"column":26},"end":{"line":28,"column":64}},"type":"cond-expr","locations":[{"start":{"line":28,"column":60},"end":{"line":28,"column":62}},{"start":{"line":28,"column":62},"end":{"line":28,"column":64}}]},"3":{"loc":{"start":{"line":28,"column":26},"end":{"line":28,"column":62}},"type":"binary-expr","locations":[{"start":{"line":28,"column":26},"end":{"line":28,"column":62}},{"start":{"line":28,"column":60},"end":{"line":28,"column":62}}]},"4":{"loc":{"start":{"line":73,"column":26},"end":{"line":73,"column":63}},"type":"cond-expr","locations":[{"start":{"line":73,"column":60},"end":{"line":73,"column":62}},{"start":{"line":73,"column":62},"end":{"line":73,"column":63}}]},"5":{"loc":{"start":{"line":73,"column":26},"end":{"line":73,"column":62}},"type":"binary-expr","locations":[{"start":{"line":73,"column":26},"end":{"line":73,"column":62}},{"start":{"line":73,"column":60},"end":{"line":73,"column":62}}]},"6":{"loc":{"start":{"line":74,"column":26},"end":{"line":74,"column":64}},"type":"cond-expr","locations":[{"start":{"line":74,"column":60},"end":{"line":74,"column":62}},{"start":{"line":74,"column":62},"end":{"line":74,"column":64}}]},"7":{"loc":{"start":{"line":74,"column":26},"end":{"line":74,"column":62}},"type":"binary-expr","locations":[{"start":{"line":74,"column":26},"end":{"line":74,"column":62}},{"start":{"line":74,"column":60},"end":{"line":74,"column":62}}]},"8":{"loc":{"start":{"line":81,"column":4},"end":{"line":83,"column":5}},"type":"if","locations":[{"start":{"line":81,"column":4},"end":{"line":83,"column":5}}]},"9":{"loc":{"start":{"line":81,"column":7},"end":{"line":81,"column":42}},"type":"binary-expr","locations":[{"start":{"line":81,"column":7},"end":{"line":81,"column":12}},{"start":{"line":81,"column":16},"end":{"line":81,"column":21}},{"start":{"line":81,"column":25},"end":{"line":81,"column":33}},{"start":{"line":81,"column":37},"end":{"line":81,"column":42}}]},"10":{"loc":{"start":{"line":104,"column":26},"end":{"line":104,"column":63}},"type":"cond-expr","locations":[{"start":{"line":104,"column":60},"end":{"line":104,"column":62}},{"start":{"line":104,"column":62},"end":{"line":104,"column":63}}]},"11":{"loc":{"start":{"line":104,"column":26},"end":{"line":104,"column":62}},"type":"binary-expr","locations":[{"start":{"line":104,"column":26},"end":{"line":104,"column":62}},{"start":{"line":104,"column":60},"end":{"line":104,"column":62}}]},"12":{"loc":{"start":{"line":105,"column":26},"end":{"line":105,"column":64}},"type":"cond-expr","locations":[{"start":{"line":105,"column":60},"end":{"line":105,"column":62}},{"start":{"line":105,"column":62},"end":{"line":105,"column":64}}]},"13":{"loc":{"start":{"line":105,"column":26},"end":{"line":105,"column":62}},"type":"binary-expr","locations":[{"start":{"line":105,"column":26},"end":{"line":105,"column":62}},{"start":{"line":105,"column":60},"end":{"line":105,"column":62}}]},"14":{"loc":{"start":{"line":107,"column":4},"end":{"line":109,"column":5}},"type":"if","locations":[{"start":{"line":107,"column":4},"end":{"line":109,"column":5}}]},"15":{"loc":{"start":{"line":107,"column":7},"end":{"line":107,"column":21}},"type":"binary-expr","locations":[{"start":{"line":107,"column":7},"end":{"line":107,"column":12}},{"start":{"line":107,"column":16},"end":{"line":107,"column":21}}]},"16":{"loc":{"start":{"line":191,"column":26},"end":{"line":191,"column":63}},"type":"cond-expr","locations":[{"start":{"line":191,"column":60},"end":{"line":191,"column":62}},{"start":{"line":191,"column":62},"end":{"line":191,"column":63}}]},"17":{"loc":{"start":{"line":191,"column":26},"end":{"line":191,"column":62}},"type":"binary-expr","locations":[{"start":{"line":191,"column":26},"end":{"line":191,"column":62}},{"start":{"line":191,"column":60},"end":{"line":191,"column":62}}]},"18":{"loc":{"start":{"line":192,"column":26},"end":{"line":192,"column":64}},"type":"cond-expr","locations":[{"start":{"line":192,"column":60},"end":{"line":192,"column":62}},{"start":{"line":192,"column":62},"end":{"line":192,"column":64}}]},"19":{"loc":{"start":{"line":192,"column":26},"end":{"line":192,"column":62}},"type":"binary-expr","locations":[{"start":{"line":192,"column":26},"end":{"line":192,"column":62}},{"start":{"line":192,"column":60},"end":{"line":192,"column":62}}]},"20":{"loc":{"start":{"line":225,"column":26},"end":{"line":225,"column":63}},"type":"cond-expr","locations":[{"start":{"line":225,"column":60},"end":{"line":225,"column":62}},{"start":{"line":225,"column":62},"end":{"line":225,"column":63}}]},"21":{"loc":{"start":{"line":225,"column":26},"end":{"line":225,"column":62}},"type":"binary-expr","locations":[{"start":{"line":225,"column":26},"end":{"line":225,"column":62}},{"start":{"line":225,"column":60},"end":{"line":225,"column":62}}]},"22":{"loc":{"start":{"line":226,"column":26},"end":{"line":226,"column":64}},"type":"cond-expr","locations":[{"start":{"line":226,"column":60},"end":{"line":226,"column":62}},{"start":{"line":226,"column":62},"end":{"line":226,"column":64}}]},"23":{"loc":{"start":{"line":226,"column":26},"end":{"line":226,"column":62}},"type":"binary-expr","locations":[{"start":{"line":226,"column":26},"end":{"line":226,"column":62}},{"start":{"line":226,"column":60},"end":{"line":226,"column":62}}]},"24":{"loc":{"start":{"line":256,"column":26},"end":{"line":256,"column":63}},"type":"cond-expr","locations":[{"start":{"line":256,"column":60},"end":{"line":256,"column":62}},{"start":{"line":256,"column":62},"end":{"line":256,"column":63}}]},"25":{"loc":{"start":{"line":256,"column":26},"end":{"line":256,"column":62}},"type":"binary-expr","locations":[{"start":{"line":256,"column":26},"end":{"line":256,"column":62}},{"start":{"line":256,"column":60},"end":{"line":256,"column":62}}]},"26":{"loc":{"start":{"line":257,"column":26},"end":{"line":257,"column":64}},"type":"cond-expr","locations":[{"start":{"line":257,"column":60},"end":{"line":257,"column":62}},{"start":{"line":257,"column":62},"end":{"line":257,"column":64}}]},"27":{"loc":{"start":{"line":257,"column":26},"end":{"line":257,"column":62}},"type":"binary-expr","locations":[{"start":{"line":257,"column":26},"end":{"line":257,"column":62}},{"start":{"line":257,"column":60},"end":{"line":257,"column":62}}]}},"s":{"0":2,"1":2,"2":2,"3":2,"4":2,"5":2,"6":4,"7":4,"8":4,"9":4,"10":4,"11":2,"12":2,"13":2,"14":2,"15":4,"16":4,"17":4,"18":4,"19":4,"20":4,"21":4,"22":4,"23":4,"24":4,"25":3,"26":1,"27":1,"28":0,"29":2,"30":2,"31":2,"32":2,"33":2,"34":2,"35":2,"36":1,"37":1,"38":1,"39":0,"40":2,"41":2,"42":0,"43":0,"44":0,"45":0,"46":0,"47":0,"48":0,"49":2,"50":2,"51":0,"52":0,"53":0,"54":0,"55":0,"56":0,"57":2,"58":2,"59":2,"60":2,"61":2,"62":2,"63":2,"64":2,"65":1,"66":1,"67":2,"68":2,"69":2,"70":2,"71":2,"72":2,"73":2,"74":2,"75":2,"76":2,"77":2,"78":1,"79":1,"80":2,"81":2,"82":2,"83":2,"84":2,"85":2,"86":2,"87":2,"88":1,"89":1,"90":2,"91":2,"92":0,"93":0,"94":0,"95":0,"96":2},"f":{"0":4,"1":4,"2":4,"3":4,"4":2,"5":2,"6":0,"7":0,"8":0,"9":0,"10":2,"11":2,"12":2,"13":2,"14":2,"15":2,"16":0,"17":0},"b":{"0":[4,0],"1":[4,4],"2":[4,0],"3":[4,4],"4":[4,0],"5":[4,4],"6":[4,0],"7":[4,4],"8":[3],"9":[4,2,1,1],"10":[2,0],"11":[2,2],"12":[2,0],"13":[2,2],"14":[1],"15":[2,1],"16":[2,0],"17":[2,2],"18":[2,0],"19":[2,2],"20":[2,0],"21":[2,2],"22":[2,0],"23":[2,2],"24":[2,0],"25":[2,2],"26":[2,0],"27":[2,2]}}
,"C:\\Users\\danil\\laboratoria\\DEV013-fleet-management-api\\src\\models\\trajectories.models.ts": {"path":"C:\\Users\\danil\\laboratoria\\DEV013-fleet-management-api\\src\\models\\trajectories.models.ts","statementMap":{"0":{"start":{"line":1,"column":0},"end":{"line":1,"column":46}},"1":{"start":{"line":4,"column":15},"end":{"line":4,"column":46}},"2":{"start":{"line":7,"column":34},"end":{"line":13,"column":2}},"3":{"start":{"line":7,"column":83},"end":{"line":13,"column":2}},"4":{"start":{"line":8,"column":23},"end":{"line":11,"column":4}},"5":{"start":{"line":12,"column":2},"end":{"line":12,"column":22}},"6":{"start":{"line":7,"column":13},"end":{"line":7,"column":34}},"7":{"start":{"line":15,"column":36},"end":{"line":34,"column":2}},"8":{"start":{"line":15,"column":132},"end":{"line":34,"column":2}},"9":{"start":{"line":16,"column":23},"end":{"line":32,"column":4}},"10":{"start":{"line":33,"column":2},"end":{"line":33,"column":22}},"11":{"start":{"line":15,"column":13},"end":{"line":15,"column":36}}},"fnMap":{"0":{"name":"(anonymous_7)","decl":{"start":{"line":7,"column":34},"end":{"line":7,"column":40}},"loc":{"start":{"line":7,"column":83},"end":{"line":13,"column":2}}},"1":{"name":"(anonymous_8)","decl":{"start":{"line":7,"column":83},"end":{"line":7,"column":null}},"loc":{"start":{"line":7,"column":83},"end":{"line":13,"column":1}}},"2":{"name":"(anonymous_9)","decl":{"start":{"line":15,"column":36},"end":{"line":15,"column":42}},"loc":{"start":{"line":15,"column":132},"end":{"line":34,"column":2}}},"3":{"name":"(anonymous_10)","decl":{"start":{"line":15,"column":132},"end":{"line":15,"column":null}},"loc":{"start":{"line":15,"column":132},"end":{"line":34,"column":1}}}},"branchMap":{},"s":{"0":3,"1":3,"2":3,"3":5,"4":5,"5":3,"6":3,"7":3,"8":2,"9":2,"10":2,"11":3},"f":{"0":5,"1":5,"2":2,"3":2},"b":{}}
,"C:\\Users\\danil\\laboratoria\\DEV013-fleet-management-api\\src\\routes\\taxi.routes.ts": {"path":"C:\\Users\\danil\\laboratoria\\DEV013-fleet-management-api\\src\\routes\\taxi.routes.ts","statementMap":{"0":{"start":{"line":2,"column":0},"end":{"line":2,"column":42}},"1":{"start":{"line":3,"column":0},"end":{"line":3,"column":121}},"2":{"start":{"line":6,"column":23},"end":{"line":6,"column":39}},"3":{"start":{"line":217,"column":0},"end":{"line":217,"column":29}},"4":{"start":{"line":218,"column":0},"end":{"line":218,"column":37}},"5":{"start":{"line":219,"column":0},"end":{"line":219,"column":null}},"6":{"start":{"line":220,"column":0},"end":{"line":220,"column":35}},"7":{"start":{"line":221,"column":0},"end":{"line":221,"column":38}},"8":{"start":{"line":222,"column":0},"end":{"line":222,"column":41}},"9":{"start":{"line":226,"column":0},"end":{"line":226,"column":22}}},"fnMap":{},"branchMap":{},"s":{"0":2,"1":2,"2":2,"3":2,"4":2,"5":2,"6":2,"7":2,"8":2,"9":2},"f":{},"b":{}}
,"C:\\Users\\danil\\laboratoria\\DEV013-fleet-management-api\\src\\routes\\trajectories.routes.ts": {"path":"C:\\Users\\danil\\laboratoria\\DEV013-fleet-management-api\\src\\routes\\trajectories.routes.ts","statementMap":{"0":{"start":{"line":1,"column":0},"end":{"line":1,"column":42}},"1":{"start":{"line":2,"column":0},"end":{"line":2,"column":185}},"2":{"start":{"line":4,"column":35},"end":{"line":4,"column":51}},"3":{"start":{"line":324,"column":0},"end":{"line":324,"column":48}},"4":{"start":{"line":325,"column":0},"end":{"line":325,"column":60}},"5":{"start":{"line":326,"column":0},"end":{"line":326,"column":62}},"6":{"start":{"line":327,"column":0},"end":{"line":327,"column":61}},"7":{"start":{"line":328,"column":0},"end":{"line":328,"column":68}},"8":{"start":{"line":331,"column":0},"end":{"line":331,"column":53}},"9":{"start":{"line":332,"column":0},"end":{"line":332,"column":60}},"10":{"start":{"line":333,"column":0},"end":{"line":333,"column":59}},"11":{"start":{"line":334,"column":0},"end":{"line":334,"column":null}},"12":{"start":{"line":338,"column":0},"end":{"line":338,"column":34}}},"fnMap":{},"branchMap":{},"s":{"0":2,"1":2,"2":2,"3":2,"4":2,"5":2,"6":2,"7":2,"8":2,"9":2,"10":2,"11":2,"12":2},"f":{},"b":{}}
}
