TN:
SF:functions-without-context.ts
FN:23,getTaxis
FN:36,createTaxi
FN:49,updateTaxi
FNF:3
FNH:3
FNDA:3,getTaxis
FNDA:2,createTaxi
FNDA:1,updateTaxi
DA:1,1
DA:23,1
DA:24,3
DA:25,3
DA:27,0
DA:36,1
DA:40,2
DA:49,1
DA:50,1
LF:9
LH:8
BRDA:24,0,0,3
BRDA:24,0,1,0
BRF:2
BRH:1
end_of_record
TN:
SF:src\index.ts
FN:38,(anonymous_1)
FNF:1
FNH:1
FNDA:1,(anonymous_1)
DA:1,2
DA:2,2
DA:3,2
DA:4,2
DA:20,2
DA:21,2
DA:25,2
DA:28,2
DA:34,2
DA:37,2
DA:38,2
DA:39,1
DA:44,2
LF:13
LH:13
BRDA:37,0,0,2
BRF:1
BRH:1
end_of_record
TN:
SF:src\swagger.ts
FNF:0
FNH:0
DA:56,2
DA:57,2
DA:58,2
DA:60,2
DA:61,2
DA:188,2
DA:189,2
DA:190,2
DA:192,2
LF:9
LH:9
BRF:0
BRH:0
end_of_record
TN:
SF:src\controller\taxi.controller.ts
FN:7,(anonymous_7)
FN:7,(anonymous_8)
FN:21,(anonymous_9)
FN:21,(anonymous_10)
FN:44,(anonymous_11)
FN:44,(anonymous_12)
FN:57,(anonymous_13)
FN:57,(anonymous_14)
FN:77,(anonymous_15)
FN:77,(anonymous_16)
FNF:10
FNH:10
FNDA:5,(anonymous_7)
FNDA:5,(anonymous_8)
FNDA:3,(anonymous_9)
FNDA:3,(anonymous_10)
FNDA:4,(anonymous_11)
FNDA:4,(anonymous_12)
FNDA:3,(anonymous_13)
FNDA:3,(anonymous_14)
FNDA:3,(anonymous_15)
FNDA:3,(anonymous_16)
DA:1,3
DA:5,3
DA:7,5
DA:8,5
DA:9,5
DA:10,5
DA:11,5
DA:15,3
DA:17,2
DA:21,3
DA:22,3
DA:23,3
DA:24,3
DA:26,3
DA:31,2
DA:40,1
DA:44,4
DA:45,4
DA:46,4
DA:47,4
DA:48,1
DA:50,3
DA:51,2
DA:53,1
DA:57,3
DA:58,3
DA:59,3
DA:60,3
DA:61,3
DA:65,3
DA:71,2
DA:73,1
DA:77,3
DA:78,3
DA:79,3
DA:80,3
DA:92,3
DA:97,2
DA:99,1
LF:39
LH:39
BRDA:9,0,0,5
BRDA:9,0,1,0
BRDA:9,1,0,5
BRDA:9,1,1,5
BRDA:10,2,0,5
BRDA:10,2,1,0
BRDA:10,3,0,5
BRDA:10,3,1,5
BRDA:47,4,0,1
BRDA:47,5,0,4
BRDA:47,5,1,1
BRF:11
BRH:9
end_of_record
TN:
SF:src\controller\trajectories.controller.ts
FN:24,(anonymous_7)
FN:24,(anonymous_8)
FN:70,(anonymous_9)
FN:70,(anonymous_10)
FN:90,(anonymous_11)
FN:90,(anonymous_12)
FN:121,(anonymous_13)
FN:121,(anonymous_14)
FN:166,(anonymous_15)
FN:166,(anonymous_16)
FN:181,(anonymous_17)
FN:181,(anonymous_18)
FN:215,(anonymous_19)
FN:215,(anonymous_20)
FN:246,(anonymous_21)
FN:246,(anonymous_22)
FNF:16
FNH:12
FNDA:4,(anonymous_7)
FNDA:4,(anonymous_8)
FNDA:4,(anonymous_9)
FNDA:4,(anonymous_10)
FNDA:2,(anonymous_11)
FNDA:2,(anonymous_12)
FNDA:0,(anonymous_13)
FNDA:0,(anonymous_14)
FNDA:0,(anonymous_15)
FNDA:0,(anonymous_16)
FNDA:2,(anonymous_17)
FNDA:2,(anonymous_18)
FNDA:2,(anonymous_19)
FNDA:2,(anonymous_20)
FNDA:2,(anonymous_21)
FNDA:2,(anonymous_22)
DA:1,2
DA:3,2
DA:5,2
DA:6,2
DA:24,4
DA:25,4
DA:26,4
DA:27,4
DA:28,4
DA:29,2
DA:31,2
DA:70,4
DA:71,4
DA:72,4
DA:73,4
DA:75,4
DA:76,4
DA:77,4
DA:78,4
DA:79,4
DA:80,4
DA:81,3
DA:83,1
DA:84,1
DA:86,0
DA:90,2
DA:91,2
DA:92,2
DA:93,2
DA:95,2
DA:96,1
DA:98,1
DA:115,1
DA:117,0
DA:121,2
DA:127,0
DA:128,0
DA:129,0
DA:130,0
DA:138,0
DA:140,0
DA:166,2
DA:167,0
DA:168,0
DA:169,0
DA:174,0
DA:177,0
DA:181,2
DA:182,2
DA:183,2
DA:184,2
DA:185,2
DA:187,2
DA:202,1
DA:211,1
DA:215,2
DA:216,2
DA:217,2
DA:218,2
DA:219,2
DA:220,2
DA:221,2
DA:222,2
DA:224,2
DA:240,1
DA:242,1
DA:246,2
DA:247,2
DA:248,2
DA:249,2
DA:276,2
DA:277,2
DA:290,1
DA:292,1
DA:354,2
LF:75
LH:62
BRDA:26,0,0,4
BRDA:26,0,1,0
BRDA:26,1,0,4
BRDA:26,1,1,4
BRDA:27,2,0,4
BRDA:27,2,1,0
BRDA:27,3,0,4
BRDA:27,3,1,4
BRDA:72,4,0,4
BRDA:72,4,1,0
BRDA:72,5,0,4
BRDA:72,5,1,4
BRDA:73,6,0,4
BRDA:73,6,1,0
BRDA:73,7,0,4
BRDA:73,7,1,4
BRDA:80,8,0,3
BRDA:80,9,0,4
BRDA:80,9,1,2
BRDA:80,9,2,1
BRDA:80,9,3,1
BRDA:92,10,0,2
BRDA:92,10,1,0
BRDA:92,11,0,2
BRDA:92,11,1,2
BRDA:93,12,0,2
BRDA:93,12,1,0
BRDA:93,13,0,2
BRDA:93,13,1,2
BRDA:95,14,0,1
BRDA:95,15,0,2
BRDA:95,15,1,1
BRDA:183,16,0,2
BRDA:183,16,1,0
BRDA:183,17,0,2
BRDA:183,17,1,2
BRDA:184,18,0,2
BRDA:184,18,1,0
BRDA:184,19,0,2
BRDA:184,19,1,2
BRDA:217,20,0,2
BRDA:217,20,1,0
BRDA:217,21,0,2
BRDA:217,21,1,2
BRDA:218,22,0,2
BRDA:218,22,1,0
BRDA:218,23,0,2
BRDA:218,23,1,2
BRDA:248,24,0,2
BRDA:248,24,1,0
BRDA:248,25,0,2
BRDA:248,25,1,2
BRDA:249,26,0,2
BRDA:249,26,1,0
BRDA:249,27,0,2
BRDA:249,27,1,2
BRF:56
BRH:44
end_of_record
TN:
SF:src\models\trajectories.models.ts
FN:7,(anonymous_7)
FN:7,(anonymous_8)
FN:15,(anonymous_9)
FN:15,(anonymous_10)
FNF:4
FNH:4
FNDA:5,(anonymous_7)
FNDA:5,(anonymous_8)
FNDA:2,(anonymous_9)
FNDA:2,(anonymous_10)
DA:1,3
DA:4,3
DA:7,5
DA:8,5
DA:12,3
DA:15,3
DA:16,2
DA:33,2
LF:8
LH:8
BRF:0
BRH:0
end_of_record
TN:
SF:src\routes\taxi.routes.ts
FNF:0
FNH:0
DA:2,2
DA:3,2
DA:6,2
DA:209,2
DA:210,2
DA:211,2
DA:212,2
DA:213,2
DA:217,2
LF:9
LH:9
BRF:0
BRH:0
end_of_record
TN:
SF:src\routes\trajectories.routes.ts
FNF:0
FNH:0
DA:1,2
DA:2,2
DA:4,2
DA:324,2
DA:325,2
DA:326,2
DA:327,2
DA:328,2
DA:331,2
DA:332,2
DA:333,2
DA:337,2
LF:12
LH:12
BRF:0
BRH:0
end_of_record
