TN:
SF:functions-without-context.ts
FN:23,getTaxis
FN:36,createTaxi
FN:49,updateTaxi
FNF:3
FNH:3
FNDA:3,getTaxis
FNDA:2,createTaxi
FNDA:1,updateTaxi
DA:1,1
DA:23,1
DA:24,3
DA:25,3
DA:27,0
DA:36,1
DA:40,2
DA:49,1
DA:50,1
LF:9
LH:8
BRDA:24,0,0,3
BRDA:24,0,1,0
BRF:2
BRH:1
end_of_record
TN:
SF:src\excel.ts
FN:106,createExcel
FNF:1
FNH:1
FNDA:3,createExcel
DA:2,3
DA:106,3
DA:107,3
DA:108,2
DA:114,2
DA:117,3
LF:6
LH:6
BRF:0
BRH:0
end_of_record
TN:
SF:src\index.ts
FN:39,(anonymous_1)
FNF:1
FNH:0
FNDA:0,(anonymous_1)
DA:1,2
DA:2,2
DA:3,2
DA:4,2
DA:19,2
DA:21,2
DA:24,2
DA:27,2
DA:29,2
DA:35,2
DA:38,2
DA:39,2
DA:40,0
DA:45,2
LF:14
LH:13
BRDA:21,0,0,2
BRDA:21,0,1,0
BRDA:38,1,0,2
BRF:3
BRH:2
end_of_record
TN:
SF:src\mail.ts
FN:13,(anonymous_0)
FNF:1
FNH:1
FNDA:2,(anonymous_0)
DA:1,3
DA:3,3
DA:13,3
DA:14,2
LF:4
LH:4
BRF:0
BRH:0
end_of_record
TN:
SF:src\swagger.ts
FNF:0
FNH:0
DA:56,2
DA:57,2
DA:58,2
DA:60,2
DA:61,2
DA:188,2
DA:189,2
DA:190,2
DA:192,2
LF:9
LH:9
BRF:0
BRH:0
end_of_record
TN:
SF:src\controller\taxi.controller.ts
FN:8,(anonymous_7)
FN:8,(anonymous_8)
FN:33,(anonymous_9)
FN:33,(anonymous_10)
FN:56,(anonymous_11)
FN:56,(anonymous_12)
FN:89,(anonymous_13)
FN:89,(anonymous_14)
FN:102,(anonymous_15)
FN:102,(anonymous_16)
FN:122,(anonymous_17)
FN:122,(anonymous_18)
FNF:12
FNH:10
FNDA:5,(anonymous_7)
FNDA:5,(anonymous_8)
FNDA:1,(anonymous_9)
FNDA:1,(anonymous_10)
FNDA:0,(anonymous_11)
FNDA:0,(anonymous_12)
FNDA:1,(anonymous_13)
FNDA:1,(anonymous_14)
FNDA:1,(anonymous_15)
FNDA:1,(anonymous_16)
FNDA:1,(anonymous_17)
FNDA:1,(anonymous_18)
DA:1,3
DA:3,3
DA:4,3
DA:6,3
DA:8,5
DA:9,5
DA:10,5
DA:11,5
DA:12,5
DA:16,3
DA:18,2
DA:33,3
DA:34,1
DA:35,1
DA:36,1
DA:38,1
DA:43,1
DA:52,0
DA:56,3
DA:68,0
DA:69,0
DA:70,0
DA:71,0
DA:83,0
DA:85,0
DA:89,3
DA:90,1
DA:91,1
DA:92,1
DA:93,0
DA:95,1
DA:96,1
DA:98,0
DA:102,3
DA:103,1
DA:104,1
DA:105,1
DA:106,1
DA:110,1
DA:116,1
DA:118,0
DA:122,3
DA:123,1
DA:124,1
DA:125,1
DA:137,1
DA:142,1
DA:144,0
LF:48
LH:37
BRDA:10,0,0,5
BRDA:10,0,1,0
BRDA:10,1,0,5
BRDA:10,1,1,5
BRDA:11,2,0,5
BRDA:11,2,1,0
BRDA:11,3,0,5
BRDA:11,3,1,5
BRDA:92,4,0,0
BRDA:92,5,0,1
BRDA:92,5,1,0
BRF:11
BRH:7
end_of_record
TN:
SF:src\controller\trajectories.controller.ts
FN:25,(anonymous_7)
FN:25,(anonymous_8)
FN:71,(anonymous_9)
FN:71,(anonymous_10)
FN:102,(anonymous_11)
FN:102,(anonymous_12)
FN:134,(anonymous_13)
FN:134,(anonymous_14)
FN:174,(anonymous_15)
FN:174,(anonymous_16)
FN:189,(anonymous_17)
FN:189,(anonymous_18)
FN:223,(anonymous_19)
FN:223,(anonymous_20)
FN:254,(anonymous_21)
FN:254,(anonymous_22)
FN:304,(anonymous_23)
FN:304,(anonymous_24)
FNF:18
FNH:12
FNDA:4,(anonymous_7)
FNDA:4,(anonymous_8)
FNDA:4,(anonymous_9)
FNDA:4,(anonymous_10)
FNDA:2,(anonymous_11)
FNDA:2,(anonymous_12)
FNDA:0,(anonymous_13)
FNDA:0,(anonymous_14)
FNDA:0,(anonymous_15)
FNDA:0,(anonymous_16)
FNDA:2,(anonymous_17)
FNDA:2,(anonymous_18)
FNDA:2,(anonymous_19)
FNDA:2,(anonymous_20)
FNDA:2,(anonymous_21)
FNDA:2,(anonymous_22)
FNDA:0,(anonymous_23)
FNDA:0,(anonymous_24)
DA:1,2
DA:3,2
DA:4,2
DA:6,2
DA:7,2
DA:25,4
DA:26,4
DA:27,4
DA:28,4
DA:29,4
DA:30,2
DA:32,2
DA:71,4
DA:72,4
DA:73,4
DA:74,4
DA:76,4
DA:77,4
DA:78,4
DA:79,4
DA:80,4
DA:81,4
DA:82,3
DA:84,1
DA:85,1
DA:87,0
DA:102,2
DA:103,2
DA:104,2
DA:105,2
DA:107,2
DA:108,1
DA:110,1
DA:128,1
DA:130,0
DA:134,2
DA:135,0
DA:136,0
DA:137,0
DA:138,0
DA:146,0
DA:148,0
DA:174,2
DA:175,0
DA:176,0
DA:177,0
DA:182,0
DA:185,0
DA:189,2
DA:190,2
DA:191,2
DA:192,2
DA:193,2
DA:195,2
DA:210,1
DA:219,1
DA:223,2
DA:224,2
DA:225,2
DA:226,2
DA:227,2
DA:228,2
DA:229,2
DA:230,2
DA:232,2
DA:248,1
DA:250,1
DA:254,2
DA:255,2
DA:256,2
DA:257,2
DA:284,2
DA:285,2
DA:298,1
DA:300,1
DA:304,2
DA:305,0
DA:306,0
DA:314,0
DA:388,2
LF:80
LH:64
BRDA:27,0,0,4
BRDA:27,0,1,0
BRDA:27,1,0,4
BRDA:27,1,1,4
BRDA:28,2,0,4
BRDA:28,2,1,0
BRDA:28,3,0,4
BRDA:28,3,1,4
BRDA:73,4,0,4
BRDA:73,4,1,0
BRDA:73,5,0,4
BRDA:73,5,1,4
BRDA:74,6,0,4
BRDA:74,6,1,0
BRDA:74,7,0,4
BRDA:74,7,1,4
BRDA:81,8,0,3
BRDA:81,9,0,4
BRDA:81,9,1,2
BRDA:81,9,2,1
BRDA:81,9,3,1
BRDA:104,10,0,2
BRDA:104,10,1,0
BRDA:104,11,0,2
BRDA:104,11,1,2
BRDA:105,12,0,2
BRDA:105,12,1,0
BRDA:105,13,0,2
BRDA:105,13,1,2
BRDA:107,14,0,1
BRDA:107,15,0,2
BRDA:107,15,1,1
BRDA:191,16,0,2
BRDA:191,16,1,0
BRDA:191,17,0,2
BRDA:191,17,1,2
BRDA:192,18,0,2
BRDA:192,18,1,0
BRDA:192,19,0,2
BRDA:192,19,1,2
BRDA:225,20,0,2
BRDA:225,20,1,0
BRDA:225,21,0,2
BRDA:225,21,1,2
BRDA:226,22,0,2
BRDA:226,22,1,0
BRDA:226,23,0,2
BRDA:226,23,1,2
BRDA:256,24,0,2
BRDA:256,24,1,0
BRDA:256,25,0,2
BRDA:256,25,1,2
BRDA:257,26,0,2
BRDA:257,26,1,0
BRDA:257,27,0,2
BRDA:257,27,1,2
BRF:56
BRH:44
end_of_record
TN:
SF:src\models\trajectories.models.ts
FN:7,(anonymous_7)
FN:7,(anonymous_8)
FN:15,(anonymous_9)
FN:15,(anonymous_10)
FNF:4
FNH:4
FNDA:5,(anonymous_7)
FNDA:5,(anonymous_8)
FNDA:2,(anonymous_9)
FNDA:2,(anonymous_10)
DA:1,3
DA:4,3
DA:7,5
DA:8,5
DA:12,3
DA:15,3
DA:16,2
DA:33,2
LF:8
LH:8
BRF:0
BRH:0
end_of_record
TN:
SF:src\routes\taxi.routes.ts
FNF:0
FNH:0
DA:2,2
DA:3,2
DA:6,2
DA:217,2
DA:218,2
DA:219,2
DA:220,2
DA:221,2
DA:222,2
DA:226,2
LF:10
LH:10
BRF:0
BRH:0
end_of_record
TN:
SF:src\routes\trajectories.routes.ts
FNF:0
FNH:0
DA:1,2
DA:2,2
DA:4,2
DA:324,2
DA:325,2
DA:326,2
DA:327,2
DA:328,2
DA:331,2
DA:332,2
DA:333,2
DA:334,2
DA:338,2
LF:13
LH:13
BRF:0
BRH:0
end_of_record
